<?xml version="1.0" encoding="UTF-8"?>
<!-- Generated by org.testng.reporters.JUnitReportReporter -->
<testsuite hostname="DESKTOP-QVIIK6A" failures="0" tests="1" name="Activity3" time="9.015" errors="0" timestamp="2021-02-18T10:36:41 IST" skipped="0">
  <testcase classname="Activity3" name="exampleTestCase" time="9.015"/>
  <system-out/>
</testsuite> <!-- Activity3 -->
