<?xml version="1.0" encoding="UTF-8"?>
<!-- Generated by org.testng.reporters.JUnitReportReporter -->
<testsuite hostname="DESKTOP-QVIIK6A" failures="0" tests="1" name="Activity1" time="8.911" errors="0" timestamp="2021-02-18T10:04:49 IST" skipped="0">
  <testcase classname="Activity1" name="exampleTestCase" time="8.911"/>
  <system-out/>
</testsuite> <!-- Activity1 -->
