<?xml version="1.0" encoding="UTF-8"?>
<!-- Generated by org.testng.reporters.JUnitReportReporter -->
<testsuite hostname="DESKTOP-QVIIK6A" failures="0" tests="1" name="TestNG.Activity1" time="8.921" errors="0" timestamp="2021-02-18T10:44:02 IST" skipped="0">
  <testcase classname="TestNG.Activity1" name="exampleTestCase" time="8.921"/>
  <system-out/>
</testsuite> <!-- TestNG.Activity1 -->
