<?xml version="1.0" encoding="UTF-8"?>
<!-- Generated by org.testng.reporters.JUnitReportReporter -->
<testsuite hostname="DESKTOP-QVIIK6A" failures="0" tests="1" name="suiteExample.DemoTwo" time="0.002" errors="0" timestamp="2021-02-18T10:46:12 IST" skipped="0">
  <testcase classname="suiteExample.DemoTwo" name="TestCase" time="0.002"/>
  <system-out/>
</testsuite> <!-- suiteExample.DemoTwo -->
