<?xml version="1.0" encoding="UTF-8"?>
<!-- Generated by org.testng.reporters.JUnitReportReporter -->
<testsuite hostname="DESKTOP-QVIIK6A" failures="0" tests="2" name="suiteExample.DemoOne" time="0.017" errors="0" timestamp="2021-02-18T10:46:12 IST" skipped="0">
  <testcase classname="suiteExample.DemoOne" name="secondTestCase" time="0.004"/>
  <system-out/>
  <testcase classname="suiteExample.DemoOne" name="firstTestCase" time="0.013"/>
  <system-out/>
</testsuite> <!-- suiteExample.DemoOne -->
